c:\users\aqax\source\repos\unity3dmono-gccollect\unity3dmono-gccollect\x64\release\vc143.pdb
c:\users\aqax\source\repos\unity3dmono-gccollect\unity3dmono-gccollect\x64\release\kiero.obj
c:\users\aqax\source\repos\unity3dmono-gccollect\unity3dmono-gccollect\x64\release\imgui_widgets.obj
c:\users\aqax\source\repos\unity3dmono-gccollect\unity3dmono-gccollect\x64\release\imgui_tables.obj
c:\users\aqax\source\repos\unity3dmono-gccollect\unity3dmono-gccollect\x64\release\imgui_impl_win32.obj
c:\users\aqax\source\repos\unity3dmono-gccollect\unity3dmono-gccollect\x64\release\imgui_impl_dx11.obj
c:\users\aqax\source\repos\unity3dmono-gccollect\unity3dmono-gccollect\x64\release\imgui_draw.obj
c:\users\aqax\source\repos\unity3dmono-gccollect\unity3dmono-gccollect\x64\release\imgui_demo.obj
c:\users\aqax\source\repos\unity3dmono-gccollect\unity3dmono-gccollect\x64\release\imgui.obj
c:\users\aqax\source\repos\unity3dmono-gccollect\unity3dmono-gccollect\x64\release\dllmain.obj
c:\users\aqax\source\repos\unity3dmono-gccollect\x64\release\unity3dmono-gccollect.dll
c:\users\aqax\source\repos\unity3dmono-gccollect\x64\release\unity3dmono-gccollect.pdb
c:\users\aqax\source\repos\unity3dmono-gccollect\unity3dmono-gccollect\x64\release\unity3dmono-gccollect.ipdb
c:\users\aqax\source\repos\unity3dmono-gccollect\unity3dmono-gccollect\x64\release\unity3dmono-gccollect.iobj
c:\users\aqax\source\repos\unity3dmono-gccollect\unity3dmono-gccollect\x64\release\unity3dm.a85bbff4.tlog\cl.command.1.tlog
c:\users\aqax\source\repos\unity3dmono-gccollect\unity3dmono-gccollect\x64\release\unity3dm.a85bbff4.tlog\cl.items.tlog
c:\users\aqax\source\repos\unity3dmono-gccollect\unity3dmono-gccollect\x64\release\unity3dm.a85bbff4.tlog\cl.read.1.tlog
c:\users\aqax\source\repos\unity3dmono-gccollect\unity3dmono-gccollect\x64\release\unity3dm.a85bbff4.tlog\cl.write.1.tlog
c:\users\aqax\source\repos\unity3dmono-gccollect\unity3dmono-gccollect\x64\release\unity3dm.a85bbff4.tlog\link.command.1.tlog
c:\users\aqax\source\repos\unity3dmono-gccollect\unity3dmono-gccollect\x64\release\unity3dm.a85bbff4.tlog\link.read.1.tlog
c:\users\aqax\source\repos\unity3dmono-gccollect\unity3dmono-gccollect\x64\release\unity3dm.a85bbff4.tlog\link.secondary.1.tlog
c:\users\aqax\source\repos\unity3dmono-gccollect\unity3dmono-gccollect\x64\release\unity3dm.a85bbff4.tlog\link.write.1.tlog
